CRITICAL - 2023-03-09 02:26:38 --> Undefined variable $home
in APPPATH\Views\admin\pages\login.php on line 9.
 1 APPPATH\Views\admin\pages\login.php(9): CodeIgniter\Debug\Exceptions->errorHandler(2, 'Undefined variable $home', 'APPPATH\\Views\\admin\\pages\\login.php', 9)
 2 SYSTEMPATH\View\View.php(213): include('APPPATH\\Views\\admin\\pages\\login.php')
 3 SYSTEMPATH\View\View.php(216): CodeIgniter\View\View->CodeIgniter\View\{closure}()
 4 SYSTEMPATH\Common.php(1184): CodeIgniter\View\View->render('admin/pages/login', [], true)
 5 APPPATH\Controllers\Home.php(259): view('admin/pages/login')
 6 SYSTEMPATH\CodeIgniter.php(934): App\Controllers\Home->admin()
 7 SYSTEMPATH\CodeIgniter.php(499): CodeIgniter\CodeIgniter->runController(Object(App\Controllers\Home))
 8 SYSTEMPATH\CodeIgniter.php(368): CodeIgniter\CodeIgniter->handleRequest(null, Object(Config\Cache), false)
 9 FCPATH\index.php(67): CodeIgniter\CodeIgniter->run()
CRITICAL - 2023-03-09 02:27:34 --> Undefined variable $home
in APPPATH\Views\admin\pages\login.php on line 9.
 1 APPPATH\Views\admin\pages\login.php(9): CodeIgniter\Debug\Exceptions->errorHandler(2, 'Undefined variable $home', 'APPPATH\\Views\\admin\\pages\\login.php', 9)
 2 SYSTEMPATH\View\View.php(213): include('APPPATH\\Views\\admin\\pages\\login.php')
 3 SYSTEMPATH\View\View.php(216): CodeIgniter\View\View->CodeIgniter\View\{closure}()
 4 SYSTEMPATH\Common.php(1184): CodeIgniter\View\View->render('admin/pages/login', [], true)
 5 APPPATH\Controllers\Home.php(259): view('admin/pages/login')
 6 SYSTEMPATH\CodeIgniter.php(934): App\Controllers\Home->admin()
 7 SYSTEMPATH\CodeIgniter.php(499): CodeIgniter\CodeIgniter->runController(Object(App\Controllers\Home))
 8 SYSTEMPATH\CodeIgniter.php(368): CodeIgniter\CodeIgniter->handleRequest(null, Object(Config\Cache), false)
 9 FCPATH\index.php(67): CodeIgniter\CodeIgniter->run()
CRITICAL - 2023-03-09 02:27:53 --> Undefined variable $home
in APPPATH\Views\admin\pages\login.php on line 9.
 1 APPPATH\Views\admin\pages\login.php(9): CodeIgniter\Debug\Exceptions->errorHandler(2, 'Undefined variable $home', 'APPPATH\\Views\\admin\\pages\\login.php', 9)
 2 SYSTEMPATH\View\View.php(213): include('APPPATH\\Views\\admin\\pages\\login.php')
 3 SYSTEMPATH\View\View.php(216): CodeIgniter\View\View->CodeIgniter\View\{closure}()
 4 SYSTEMPATH\Common.php(1184): CodeIgniter\View\View->render('admin/pages/login', [], true)
 5 APPPATH\Controllers\Home.php(259): view('admin/pages/login')
 6 SYSTEMPATH\CodeIgniter.php(934): App\Controllers\Home->admin()
 7 SYSTEMPATH\CodeIgniter.php(499): CodeIgniter\CodeIgniter->runController(Object(App\Controllers\Home))
 8 SYSTEMPATH\CodeIgniter.php(368): CodeIgniter\CodeIgniter->handleRequest(null, Object(Config\Cache), false)
 9 FCPATH\index.php(67): CodeIgniter\CodeIgniter->run()
CRITICAL - 2023-03-09 02:30:37 --> Invalid file: "widget/btoast.php"
in SYSTEMPATH\Exceptions\FrameworkException.php on line 33.
 1 SYSTEMPATH\View\View.php(201): CodeIgniter\Exceptions\FrameworkException::forInvalidFile('widget/btoast.php')
 2 SYSTEMPATH\View\View.php(431): CodeIgniter\View\View->render('widget/btoast.php', null, true)
 3 APPPATH\Views\admin\pages\login.php(14): CodeIgniter\View\View->include('widget/btoast.php')
 4 SYSTEMPATH\View\View.php(213): include('APPPATH\\Views\\admin\\pages\\login.php')
 5 SYSTEMPATH\View\View.php(216): CodeIgniter\View\View->CodeIgniter\View\{closure}()
 6 SYSTEMPATH\Common.php(1184): CodeIgniter\View\View->render('admin/pages/login', [], true)
 7 APPPATH\Controllers\Home.php(266): view('admin/pages/login', [...])
 8 SYSTEMPATH\CodeIgniter.php(934): App\Controllers\Home->admin()
 9 SYSTEMPATH\CodeIgniter.php(499): CodeIgniter\CodeIgniter->runController(Object(App\Controllers\Home))
10 SYSTEMPATH\CodeIgniter.php(368): CodeIgniter\CodeIgniter->handleRequest(null, Object(Config\Cache), false)
11 FCPATH\index.php(67): CodeIgniter\CodeIgniter->run()
CRITICAL - 2023-03-09 02:32:02 --> Invalid file: "admin/include/widget/btoast.php"
in SYSTEMPATH\Exceptions\FrameworkException.php on line 33.
 1 SYSTEMPATH\View\View.php(201): CodeIgniter\Exceptions\FrameworkException::forInvalidFile('admin/include/widget/btoast.php')
 2 SYSTEMPATH\View\View.php(431): CodeIgniter\View\View->render('admin/include/widget/btoast.php', null, true)
 3 APPPATH\Views\admin\pages\login.php(14): CodeIgniter\View\View->include('admin/include/widget/btoast.php')
 4 SYSTEMPATH\View\View.php(213): include('APPPATH\\Views\\admin\\pages\\login.php')
 5 SYSTEMPATH\View\View.php(216): CodeIgniter\View\View->CodeIgniter\View\{closure}()
 6 SYSTEMPATH\Common.php(1184): CodeIgniter\View\View->render('admin/pages/login', [], true)
 7 APPPATH\Controllers\Home.php(266): view('admin/pages/login', [...])
 8 SYSTEMPATH\CodeIgniter.php(934): App\Controllers\Home->admin()
 9 SYSTEMPATH\CodeIgniter.php(499): CodeIgniter\CodeIgniter->runController(Object(App\Controllers\Home))
10 SYSTEMPATH\CodeIgniter.php(368): CodeIgniter\CodeIgniter->handleRequest(null, Object(Config\Cache), false)
11 FCPATH\index.php(67): CodeIgniter\CodeIgniter->run()
CRITICAL - 2023-03-09 02:32:25 --> Undefined variable $home
in APPPATH\Views\admin\include\auth\foot.php on line 1.
 1 APPPATH\Views\admin\include\auth\foot.php(1): CodeIgniter\Debug\Exceptions->errorHandler(2, 'Undefined variable $home', 'APPPATH\\Views\\admin\\include\\auth\\foot.php', 1)
 2 SYSTEMPATH\View\View.php(213): include('APPPATH\\Views\\admin\\include\\auth\\foot.php')
 3 SYSTEMPATH\View\View.php(216): CodeIgniter\View\View->CodeIgniter\View\{closure}()
 4 SYSTEMPATH\View\View.php(431): CodeIgniter\View\View->render('admin/include/auth/foot.php', null, true)
 5 APPPATH\Views\admin\pages\login.php(55): CodeIgniter\View\View->include('admin/include/auth/foot.php')
 6 SYSTEMPATH\View\View.php(213): include('APPPATH\\Views\\admin\\pages\\login.php')
 7 SYSTEMPATH\View\View.php(216): CodeIgniter\View\View->CodeIgniter\View\{closure}()
 8 SYSTEMPATH\Common.php(1184): CodeIgniter\View\View->render('admin/pages/login', [], true)
 9 APPPATH\Controllers\Home.php(266): view('admin/pages/login', [...])
10 SYSTEMPATH\CodeIgniter.php(934): App\Controllers\Home->admin()
11 SYSTEMPATH\CodeIgniter.php(499): CodeIgniter\CodeIgniter->runController(Object(App\Controllers\Home))
12 SYSTEMPATH\CodeIgniter.php(368): CodeIgniter\CodeIgniter->handleRequest(null, Object(Config\Cache), false)
13 FCPATH\index.php(67): CodeIgniter\CodeIgniter->run()
CRITICAL - 2023-03-09 02:34:32 --> Undefined variable $home
in APPPATH\Views\admin\include\auth\foot.php on line 1.
 1 APPPATH\Views\admin\include\auth\foot.php(1): CodeIgniter\Debug\Exceptions->errorHandler(2, 'Undefined variable $home', 'APPPATH\\Views\\admin\\include\\auth\\foot.php', 1)
 2 SYSTEMPATH\View\View.php(213): include('APPPATH\\Views\\admin\\include\\auth\\foot.php')
 3 SYSTEMPATH\View\View.php(216): CodeIgniter\View\View->CodeIgniter\View\{closure}()
 4 SYSTEMPATH\View\View.php(431): CodeIgniter\View\View->render('admin/include/auth/foot.php', null, true)
 5 APPPATH\Views\admin\pages\login.php(55): CodeIgniter\View\View->include('admin/include/auth/foot.php')
 6 SYSTEMPATH\View\View.php(213): include('APPPATH\\Views\\admin\\pages\\login.php')
 7 SYSTEMPATH\View\View.php(216): CodeIgniter\View\View->CodeIgniter\View\{closure}()
 8 SYSTEMPATH\Common.php(1184): CodeIgniter\View\View->render('admin/pages/login', [], true)
 9 APPPATH\Controllers\Home.php(266): view('admin/pages/login', [...])
10 SYSTEMPATH\CodeIgniter.php(934): App\Controllers\Home->admin()
11 SYSTEMPATH\CodeIgniter.php(499): CodeIgniter\CodeIgniter->runController(Object(App\Controllers\Home))
12 SYSTEMPATH\CodeIgniter.php(368): CodeIgniter\CodeIgniter->handleRequest(null, Object(Config\Cache), false)
13 FCPATH\index.php(67): CodeIgniter\CodeIgniter->run()
